
********************  Error Log - 7/27/2017 5:48:03 PM*********************

Exception Type : DbEntityValidationException
Error Message : Validation failed for one or more entities. See 'EntityValidationErrors' property for more details.
Error Source : EntityFramework
Error Trace :    at System.Data.Entity.Internal.InternalContext.SaveChanges()
   at System.Data.Entity.Internal.LazyInternalContext.SaveChanges()
   at System.Data.Entity.DbContext.SaveChanges()
   at KarenroWebservice.Repo.FastTrackRepo.CreateFastRide(tbl_fastRide data) in d:\Visual Studio Projects\KarenroWebservice\KarenroWebservice\Repo\FastTrackRepo.cs:line 162
   at KarenroWebservice.services.CreateFastRide() in d:\Visual Studio Projects\KarenroWebservice\KarenroWebservice\services.asmx.cs:line 995

********************  Error Log - 7/27/2017 5:47:15 PM*********************

Exception Type : DbEntityValidationException
Error Message : Validation failed for one or more entities. See 'EntityValidationErrors' property for more details.
Error Source : EntityFramework
Error Trace :    at System.Data.Entity.Internal.InternalContext.SaveChanges()
   at System.Data.Entity.Internal.LazyInternalContext.SaveChanges()
   at System.Data.Entity.DbContext.SaveChanges()
   at KarenroWebservice.Repo.FastTrackRepo.CreateFastRide(tbl_fastRide data) in d:\Visual Studio Projects\KarenroWebservice\KarenroWebservice\Repo\FastTrackRepo.cs:line 162
   at KarenroWebservice.services.CreateFastRide() in d:\Visual Studio Projects\KarenroWebservice\KarenroWebservice\services.asmx.cs:line 995

********************  Error Log - 7/27/2017 5:43:44 PM*********************

Exception Type : DbEntityValidationException
Error Message : Validation failed for one or more entities. See 'EntityValidationErrors' property for more details.
Error Source : EntityFramework
Error Trace :    at System.Data.Entity.Internal.InternalContext.SaveChanges()
   at System.Data.Entity.Internal.LazyInternalContext.SaveChanges()
   at System.Data.Entity.DbContext.SaveChanges()
   at KarenroWebservice.Repo.FastTrackRepo.CreateFastRide(tbl_fastRide data) in d:\Visual Studio Projects\KarenroWebservice\KarenroWebservice\Repo\FastTrackRepo.cs:line 86

********************  Error Log - 7/27/2017 5:43:28 PM*********************

Exception Type : DbEntityValidationException
Error Message : Validation failed for one or more entities. See 'EntityValidationErrors' property for more details.
Error Source : EntityFramework
Error Trace :    at System.Data.Entity.Internal.InternalContext.SaveChanges()
   at System.Data.Entity.Internal.LazyInternalContext.SaveChanges()
   at System.Data.Entity.DbContext.SaveChanges()
   at KarenroWebservice.Repo.FastTrackRepo.CreateFastRide(tbl_fastRide data) in d:\Visual Studio Projects\KarenroWebservice\KarenroWebservice\Repo\FastTrackRepo.cs:line 86

********************  Error Log - 7/27/2017 5:37:24 PM*********************

Exception Type : DbEntityValidationException
Error Message : Validation failed for one or more entities. See 'EntityValidationErrors' property for more details.
Error Source : EntityFramework
Error Trace :    at System.Data.Entity.Internal.InternalContext.SaveChanges()
   at System.Data.Entity.Internal.LazyInternalContext.SaveChanges()
   at System.Data.Entity.DbContext.SaveChanges()
   at KarenroWebservice.Repo.FastTrackRepo.CreateFastRide(tbl_fastRide data) in d:\Visual Studio Projects\KarenroWebservice\KarenroWebservice\Repo\FastTrackRepo.cs:line 86

********************  Error Log - 7/27/2017 10:59:32 AM*********************

Exception Type : EntityException
Error Message : The underlying provider failed on Open.
Error Source : System.Data.Entity
Error Trace :    at System.Data.EntityClient.EntityConnection.OpenStoreConnectionIf(Boolean openCondition, DbConnection storeConnectionToOpen, DbConnection originalConnection, String exceptionCode, String attemptedOperation, Boolean& closeStoreConnectionOnFailure)
   at System.Data.EntityClient.EntityConnection.Open()
   at System.Data.Objects.ObjectContext.EnsureConnection()
   at System.Data.Objects.ObjectQuery`1.GetResults(Nullable`1 forMergeOption)
   at System.Data.Objects.ObjectQuery`1.System.Collections.Generic.IEnumerable<T>.GetEnumerator()
   at System.Data.Entity.Internal.Linq.InternalQuery`1.GetEnumerator()
   at System.Data.Entity.Infrastructure.DbQuery`1.System.Collections.Generic.IEnumerable<TResult>.GetEnumerator()
   at System.Collections.Generic.List`1..ctor(IEnumerable`1 collection)
   at System.Linq.Enumerable.ToList[TSource](IEnumerable`1 source)
   at KarenroWebservice.Repo.FastTrackRepo.CreateFastRide(tbl_fastRide data) in d:\Visual Studio Projects\KarenroWebservice\KarenroWebservice\Repo\FastTrackRepo.cs:line 78

Exception Type : SqlException
Error Message : A network-related or instance-specific error occurred while establishing a connection to SQL Server. The server was not found or was not accessible. Verify that the instance name is correct and that SQL Server is configured to allow remote connections. (provider: SQL Network Interfaces, error: 26 - Error Locating Server/Instance Specified)
Error Source : .Net SqlClient Data Provider
Error Trace :    at System.Data.SqlClient.SqlInternalConnection.OnError(SqlException exception, Boolean breakConnection, Action`1 wrapCloseInAction)
   at System.Data.SqlClient.TdsParser.ThrowExceptionAndWarning(TdsParserStateObject stateObj, Boolean callerHasConnectionLock, Boolean asyncClose)
   at System.Data.SqlClient.TdsParser.Connect(ServerInfo serverInfo, SqlInternalConnectionTds connHandler, Boolean ignoreSniOpenTimeout, Int64 timerExpire, Boolean encrypt, Boolean trustServerCert, Boolean integratedSecurity, Boolean withFailover, SqlAuthenticationMethod authType)
   at System.Data.SqlClient.SqlInternalConnectionTds.AttemptOneLogin(ServerInfo serverInfo, String newPassword, SecureString newSecurePassword, Boolean ignoreSniOpenTimeout, TimeoutTimer timeout, Boolean withFailover)
   at System.Data.SqlClient.SqlInternalConnectionTds.LoginNoFailover(ServerInfo serverInfo, String newPassword, SecureString newSecurePassword, Boolean redirectedUserInstance, SqlConnectionString connectionOptions, SqlCredential credential, TimeoutTimer timeout)
   at System.Data.SqlClient.SqlInternalConnectionTds.OpenLoginEnlist(TimeoutTimer timeout, SqlConnectionString connectionOptions, SqlCredential credential, String newPassword, SecureString newSecurePassword, Boolean redirectedUserInstance)
   at System.Data.SqlClient.SqlInternalConnectionTds..ctor(DbConnectionPoolIdentity identity, SqlConnectionString connectionOptions, SqlCredential credential, Object providerInfo, String newPassword, SecureString newSecurePassword, Boolean redirectedUserInstance, SqlConnectionString userConnectionOptions, SessionData reconnectSessionData, DbConnectionPool pool, String accessToken)
   at System.Data.SqlClient.SqlConnectionFactory.CreateConnection(DbConnectionOptions options, DbConnectionPoolKey poolKey, Object poolGroupProviderInfo, DbConnectionPool pool, DbConnection owningConnection, DbConnectionOptions userOptions)
   at System.Data.ProviderBase.DbConnectionFactory.CreatePooledConnection(DbConnectionPool pool, DbConnection owningObject, DbConnectionOptions options, DbConnectionPoolKey poolKey, DbConnectionOptions userOptions)
   at System.Data.ProviderBase.DbConnectionPool.CreateObject(DbConnection owningObject, DbConnectionOptions userOptions, DbConnectionInternal oldConnection)
   at System.Data.ProviderBase.DbConnectionPool.UserCreateRequest(DbConnection owningObject, DbConnectionOptions userOptions, DbConnectionInternal oldConnection)
   at System.Data.ProviderBase.DbConnectionPool.TryGetConnection(DbConnection owningObject, UInt32 waitForMultipleObjectsTimeout, Boolean allowCreate, Boolean onlyOneCheckConnection, DbConnectionOptions userOptions, DbConnectionInternal& connection)
   at System.Data.ProviderBase.DbConnectionPool.TryGetConnection(DbConnection owningObject, TaskCompletionSource`1 retry, DbConnectionOptions userOptions, DbConnectionInternal& connection)
   at System.Data.ProviderBase.DbConnectionFactory.TryGetConnection(DbConnection owningConnection, TaskCompletionSource`1 retry, DbConnectionOptions userOptions, DbConnectionInternal oldConnection, DbConnectionInternal& connection)
   at System.Data.ProviderBase.DbConnectionInternal.TryOpenConnectionInternal(DbConnection outerConnection, DbConnectionFactory connectionFactory, TaskCompletionSource`1 retry, DbConnectionOptions userOptions)
   at System.Data.ProviderBase.DbConnectionClosed.TryOpenConnection(DbConnection outerConnection, DbConnectionFactory connectionFactory, TaskCompletionSource`1 retry, DbConnectionOptions userOptions)
   at System.Data.SqlClient.SqlConnection.TryOpenInner(TaskCompletionSource`1 retry)
   at System.Data.SqlClient.SqlConnection.TryOpen(TaskCompletionSource`1 retry)
   at System.Data.SqlClient.SqlConnection.Open()
   at System.Data.EntityClient.EntityConnection.OpenStoreConnectionIf(Boolean openCondition, DbConnection storeConnectionToOpen, DbConnection originalConnection, String exceptionCode, String attemptedOperation, Boolean& closeStoreConnectionOnFailure)




