
********************  Error Log - 8/22/2017 2:55:31 PM*********************

Exception Type : NotSupportedException
Error Message : LINQ to Entities does not recognize the method 'System.String Translate(System.String, System.String, System.String)' method, and this method cannot be translated into a store expression.
Error Source : System.Data.Entity
Error Trace :    at System.Data.Objects.ELinq.ExpressionConverter.MethodCallTranslator.DefaultTranslator.Translate(ExpressionConverter parent, MethodCallExpression call)
   at System.Data.Objects.ELinq.ExpressionConverter.MethodCallTranslator.TypedTranslate(ExpressionConverter parent, MethodCallExpression linq)
   at System.Data.Objects.ELinq.ExpressionConverter.TypedTranslator`1.Translate(ExpressionConverter parent, Expression linq)
   at System.Data.Objects.ELinq.ExpressionConverter.TranslateExpression(Expression linq)
   at System.Data.Objects.ELinq.ExpressionConverter.MemberInitTranslator.TypedTranslate(ExpressionConverter parent, MemberInitExpression linq)
   at System.Data.Objects.ELinq.ExpressionConverter.TypedTranslator`1.Translate(ExpressionConverter parent, Expression linq)
   at System.Data.Objects.ELinq.ExpressionConverter.TranslateExpression(Expression linq)
   at System.Data.Objects.ELinq.ExpressionConverter.TranslateLambda(LambdaExpression lambda, DbExpression input)
   at System.Data.Objects.ELinq.ExpressionConverter.TranslateLambda(LambdaExpression lambda, DbExpression input, DbExpressionBinding& binding)
   at System.Data.Objects.ELinq.ExpressionConverter.MethodCallTranslator.OneLambdaTranslator.Translate(ExpressionConverter parent, MethodCallExpression call, DbExpression& source, DbExpressionBinding& sourceBinding, DbExpression& lambda)
   at System.Data.Objects.ELinq.ExpressionConverter.MethodCallTranslator.SelectTranslator.Translate(ExpressionConverter parent, MethodCallExpression call)
   at System.Data.Objects.ELinq.ExpressionConverter.MethodCallTranslator.SequenceMethodTranslator.Translate(ExpressionConverter parent, MethodCallExpression call, SequenceMethod sequenceMethod)
   at System.Data.Objects.ELinq.ExpressionConverter.MethodCallTranslator.TypedTranslate(ExpressionConverter parent, MethodCallExpression linq)
   at System.Data.Objects.ELinq.ExpressionConverter.TypedTranslator`1.Translate(ExpressionConverter parent, Expression linq)
   at System.Data.Objects.ELinq.ExpressionConverter.TranslateExpression(Expression linq)
   at System.Data.Objects.ELinq.ExpressionConverter.Convert()
   at System.Data.Objects.ELinq.ELinqQueryState.GetExecutionPlan(Nullable`1 forMergeOption)
   at System.Data.Objects.ObjectQuery`1.GetResults(Nullable`1 forMergeOption)
   at System.Data.Objects.ObjectQuery`1.System.Collections.Generic.IEnumerable<T>.GetEnumerator()
   at System.Data.Entity.Internal.Linq.InternalQuery`1.GetEnumerator()
   at System.Data.Entity.Infrastructure.DbQuery`1.System.Collections.Generic.IEnumerable<TResult>.GetEnumerator()
   at System.Collections.Generic.List`1..ctor(IEnumerable`1 collection)
   at System.Linq.Enumerable.ToList[TSource](IEnumerable`1 source)
   at KarenroWebservice.Repo.OtherRepo.getCompany() in d:\Visual Studio Projects\KarenroWebservice\KarenroWebservice\Repo\OtherRepo.cs:line 25

********************  Error Log - 8/22/2017 2:04:57 PM*********************

Exception Type : NotSupportedException
Error Message : LINQ to Entities does not recognize the method 'System.String TranslateText(System.String, System.String)' method, and this method cannot be translated into a store expression.
Error Source : System.Data.Entity
Error Trace :    at System.Data.Objects.ELinq.ExpressionConverter.MethodCallTranslator.DefaultTranslator.Translate(ExpressionConverter parent, MethodCallExpression call)
   at System.Data.Objects.ELinq.ExpressionConverter.MethodCallTranslator.TypedTranslate(ExpressionConverter parent, MethodCallExpression linq)
   at System.Data.Objects.ELinq.ExpressionConverter.TypedTranslator`1.Translate(ExpressionConverter parent, Expression linq)
   at System.Data.Objects.ELinq.ExpressionConverter.TranslateExpression(Expression linq)
   at System.Data.Objects.ELinq.ExpressionConverter.MemberInitTranslator.TypedTranslate(ExpressionConverter parent, MemberInitExpression linq)
   at System.Data.Objects.ELinq.ExpressionConverter.TypedTranslator`1.Translate(ExpressionConverter parent, Expression linq)
   at System.Data.Objects.ELinq.ExpressionConverter.TranslateExpression(Expression linq)
   at System.Data.Objects.ELinq.ExpressionConverter.TranslateLambda(LambdaExpression lambda, DbExpression input)
   at System.Data.Objects.ELinq.ExpressionConverter.TranslateLambda(LambdaExpression lambda, DbExpression input, DbExpressionBinding& binding)
   at System.Data.Objects.ELinq.ExpressionConverter.MethodCallTranslator.OneLambdaTranslator.Translate(ExpressionConverter parent, MethodCallExpression call, DbExpression& source, DbExpressionBinding& sourceBinding, DbExpression& lambda)
   at System.Data.Objects.ELinq.ExpressionConverter.MethodCallTranslator.SelectTranslator.Translate(ExpressionConverter parent, MethodCallExpression call)
   at System.Data.Objects.ELinq.ExpressionConverter.MethodCallTranslator.SequenceMethodTranslator.Translate(ExpressionConverter parent, MethodCallExpression call, SequenceMethod sequenceMethod)
   at System.Data.Objects.ELinq.ExpressionConverter.MethodCallTranslator.TypedTranslate(ExpressionConverter parent, MethodCallExpression linq)
   at System.Data.Objects.ELinq.ExpressionConverter.TypedTranslator`1.Translate(ExpressionConverter parent, Expression linq)
   at System.Data.Objects.ELinq.ExpressionConverter.TranslateExpression(Expression linq)
   at System.Data.Objects.ELinq.ExpressionConverter.Convert()
   at System.Data.Objects.ELinq.ELinqQueryState.GetExecutionPlan(Nullable`1 forMergeOption)
   at System.Data.Objects.ObjectQuery`1.GetResults(Nullable`1 forMergeOption)
   at System.Data.Objects.ObjectQuery`1.System.Collections.Generic.IEnumerable<T>.GetEnumerator()
   at System.Data.Entity.Internal.Linq.InternalQuery`1.GetEnumerator()
   at System.Data.Entity.Infrastructure.DbQuery`1.System.Collections.Generic.IEnumerable<TResult>.GetEnumerator()
   at System.Collections.Generic.List`1..ctor(IEnumerable`1 collection)
   at System.Linq.Enumerable.ToList[TSource](IEnumerable`1 source)
   at KarenroWebservice.Repo.OtherRepo.getCompany() in d:\Visual Studio Projects\KarenroWebservice\KarenroWebservice\Repo\OtherRepo.cs:line 25

********************  Error Log - 8/22/2017 1:54:35 PM*********************

Exception Type : ArgumentOutOfRangeException
Error Message : Index and length must refer to a location within the string.
Parameter name: length
Error Source : mscorlib
Error Trace :    at System.String.Substring(Int32 startIndex, Int32 length)
   at KarenroWebservice.Repo.GoogleTranslateCls.TranslateText(String input, String languagePair) in d:\Visual Studio Projects\KarenroWebservice\KarenroWebservice\Repo\GoogleTranslateCls.cs:line 42
   at KarenroWebservice.Repo.OtherRepo.getCompany() in d:\Visual Studio Projects\KarenroWebservice\KarenroWebservice\Repo\OtherRepo.cs:line 22
   at KarenroWebservice.services.getCompany() in d:\Visual Studio Projects\KarenroWebservice\KarenroWebservice\services.asmx.cs:line 532

